

2020-05-13 15:46:01.841478 : cron Job started
Exiting, no task pending
MySQL connection is closed


2020-05-13 15:47:02.100863 : cron Job started
Exiting, no task pending
MySQL connection is closed


2020-05-13 15:48:02.152628 : cron Job started
Exiting, no task pending
MySQL connection is closed


2020-05-13 15:49:01.477932 : cron Job started
Exiting, no task pending
MySQL connection is closed


2020-05-13 15:51:29.735450 : cron Job started


2020-05-13 15:52:02.361439 : cron Job started
2020-05-13 15:52:32.376503 : before queuing
2020-05-13 15:52:32.376539 : after queuing 0  tasks
2020-05-13 15:52:32.376552 : cron Job finished
MySQL connection is closed


2020-05-13 15:53:01.725245 : cron Job started
2020-05-13 15:53:31.764765 : before queuing
2020-05-13 15:53:31.764796 : after queuing 0  tasks
2020-05-13 15:53:31.764808 : cron Job finished
MySQL connection is closed


2020-05-13 15:54:02.112394 : cron Job started
2020-05-13 15:54:32.152115 : before queuing


2020-05-13 15:54:32.152411 :  texst.com  scheduled for  2020-05-13 15:25:16
2020-05-13 15:54:32.157507 : after queuing 1  tasks
2020-05-13 15:55:16.000003 : before requesting  texst.com
   0 texst.com 200 {"success":true}
   1 texst.com 200 {"success":true}
   2 texst.com 200 {"success":true}
   3 texst.com 200 {"success":true}
   4 texst.com 200 {"success":true}
2020-05-13 15:55:16.000003 : After receiving last response of  texst.com
2020-05-13 15:55:16.099103 Finished requesting  texst.com
2020-05-13 15:55:16.099314 : cron Job finished
MySQL connection is closed


2020-05-13 15:51:01.992293 : cron Job started
2020-05-13 15:51:32.035586 : before queuing


2020-05-13 15:51:32.036031 :  test.com  scheduled for  2020-05-13 15:21:55


2020-05-13 15:51:32.046483 :  texst.com  scheduled for  2020-05-13 15:22:00


2020-05-13 15:51:32.067084 :  texst.com  scheduled for  2020-05-13 15:25:16
2020-05-13 15:51:32.092390 : after queuing 3  tasks
2020-05-13 15:51:55.000002 : before requesting  test.com
   0 test.com 200 {"success":true}
   1 test.com 200 {"success":true}
   2 test.com 200 {"success":true}
   3 test.com 200 {"success":true}
   4 test.com 200 {"success":true}
2020-05-13 15:51:55.000002 : After receiving last response of  test.com
2020-05-13 15:51:55.792782 Finished requesting  test.com
2020-05-13 15:52:00.000001 : before requesting  texst.com
   0 texst.com 200 {"success":true}
   1 texst.com 200 {"success":true}
   2 texst.com 200 {"success":true}
   3 texst.com 200 {"success":true}
   4 texst.com 200 {"success":true}
2020-05-13 15:52:00.000001 : After receiving last response of  texst.com
2020-05-13 15:52:00.283274 Finished requesting  texst.com
2020-05-13 15:55:16.000002 : before requesting  texst.com
   0 texst.com 200 {"success":true}
   1 texst.com 200 {"success":true}
   2 texst.com 200 {"success":true}
   3 texst.com 200 {"success":true}
   4 texst.com 200 {"success":true}
2020-05-13 15:55:16.000002 : After receiving last response of  texst.com
2020-05-13 15:55:16.099103 Finished requesting  texst.com
2020-05-13 15:55:16.099416 : cron Job finished
MySQL connection is closed


2020-05-13 15:50:01.763734 : cron Job started
2020-05-13 15:50:31.801884 : before queuing


2020-05-13 15:50:31.802239 :  test.com  scheduled for  2020-05-13 15:21:55


2020-05-13 15:50:31.812667 :  texst.com  scheduled for  2020-05-13 15:22:00


2020-05-13 15:50:31.833480 :  texst.com  scheduled for  2020-05-13 15:25:16
2020-05-13 15:50:31.848657 : after queuing 3  tasks
2020-05-13 15:51:55.005536 : before requesting  test.com
   0 test.com 200 {"success":true}
   1 test.com 200 {"success":true}
   2 test.com 200 {"success":true}
   3 test.com 200 {"success":true}
   4 test.com 200 {"success":true}
2020-05-13 15:51:55.005536 : After receiving last response of  test.com
2020-05-13 15:51:55.525544 Finished requesting  test.com
2020-05-13 15:52:00.000005 : before requesting  texst.com
   0 texst.com 200 {"success":true}
   1 texst.com 200 {"success":true}
   2 texst.com 200 {"success":true}
   3 texst.com 200 {"success":true}
   4 texst.com 200 {"success":true}
2020-05-13 15:52:00.000005 : After receiving last response of  texst.com
2020-05-13 15:52:00.238807 Finished requesting  texst.com
2020-05-13 15:55:16.000002 : before requesting  texst.com
   0 texst.com 200 {"success":true}
   1 texst.com 200 {"success":true}
   2 texst.com 200 {"success":true}
   3 texst.com 200 {"success":true}
   4 texst.com 200 {"success":true}
2020-05-13 15:55:16.000002 : After receiving last response of  texst.com
2020-05-13 15:55:16.099103 Finished requesting  texst.com
2020-05-13 15:55:16.099324 : cron Job finished
MySQL connection is closed


2020-05-13 15:55:01.576301 : cron Job started
Exiting, no task pending
MySQL connection is closed


2020-05-13 15:56:01.872449 : cron Job started
Exiting, no task pending
MySQL connection is closed


2020-05-13 15:57:02.147482 : cron Job started
Exiting, no task pending
MySQL connection is closed


2020-05-13 15:58:01.425129 : cron Job started
Exiting, no task pending
MySQL connection is closed


2020-05-13 15:59:01.709370 : cron Job started
Exiting, no task pending
MySQL connection is closed


2020-05-13 16:00:02.090107 : cron Job started
Exiting, no task pending
MySQL connection is closed


2020-05-13 16:01:01.357942 : cron Job started
Exiting, no task pending
MySQL connection is closed


2020-05-13 16:02:01.641047 : cron Job started
Exiting, no task pending
MySQL connection is closed


2020-05-13 16:03:01.895593 : cron Job started
Exiting, no task pending
MySQL connection is closed


2020-05-13 16:04:02.170723 : cron Job started
Exiting, no task pending
MySQL connection is closed


2020-05-13 16:05:01.441930 : cron Job started
Exiting, no task pending
MySQL connection is closed


2020-05-13 16:06:01.727813 : cron Job started
Exiting, no task pending
MySQL connection is closed


2020-05-13 16:07:02.056160 : cron Job started
Exiting, no task pending
MySQL connection is closed


2020-05-13 16:08:01.359674 : cron Job started
Exiting, no task pending
MySQL connection is closed


2020-05-13 16:09:01.707553 : cron Job started
Exiting, no task pending
MySQL connection is closed


2020-05-13 16:10:01.963480 : cron Job started
Exiting, no task pending
MySQL connection is closed


2020-05-13 16:11:01.279467 : cron Job started
Exiting, no task pending
MySQL connection is closed


2020-05-13 16:12:01.643925 : cron Job started
Exiting, no task pending
MySQL connection is closed


2020-05-13 16:13:01.946344 : cron Job started
Exiting, no task pending
MySQL connection is closed


2020-05-13 16:14:01.227207 : cron Job started
Exiting, no task pending
MySQL connection is closed


2020-05-13 16:15:01.512641 : cron Job started
Exiting, no task pending
MySQL connection is closed


2020-05-13 16:16:01.932502 : cron Job started
Exiting, no task pending
MySQL connection is closed


2020-05-13 16:17:02.222838 : cron Job started
Exiting, no task pending
MySQL connection is closed


2020-05-13 16:18:01.539933 : cron Job started
Exiting, no task pending
MySQL connection is closed


2020-05-13 16:19:01.798232 : cron Job started
Exiting, no task pending
MySQL connection is closed


2020-05-13 16:20:02.077587 : cron Job started
Exiting, no task pending
MySQL connection is closed


2020-05-13 16:21:01.464212 : cron Job started
Exiting, no task pending
MySQL connection is closed


2020-05-13 16:22:01.791207 : cron Job started
Exiting, no task pending
MySQL connection is closed


2020-05-13 16:23:02.057070 : cron Job started
Exiting, no task pending
MySQL connection is closed


2020-05-13 16:24:01.352789 : cron Job started
Exiting, no task pending
MySQL connection is closed


2020-05-13 16:25:01.631503 : cron Job started
Exiting, no task pending
MySQL connection is closed


2020-05-13 16:26:02.066064 : cron Job started
2020-05-13 16:26:32.103599 : before queuing
2020-05-13 16:26:32.103644 : after queuing 0  tasks
2020-05-13 16:26:32.103657 : cron Job finished
MySQL connection is closed


2020-05-13 16:27:01.412331 : cron Job started
2020-05-13 16:27:31.454747 : before queuing
2020-05-13 16:27:31.454788 : after queuing 0  tasks
2020-05-13 16:27:31.454797 : cron Job finished
MySQL connection is closed


2020-05-13 16:28:01.723400 : cron Job started
2020-05-13 16:28:31.759288 : before queuing
2020-05-13 16:28:31.759342 : after queuing 0  tasks
2020-05-13 16:28:31.759355 : cron Job finished
MySQL connection is closed


2020-05-13 16:29:02.192086 : cron Job started
2020-05-13 16:29:32.232181 : before queuing
2020-05-13 16:29:32.232230 : after queuing 0  tasks
2020-05-13 16:29:32.232241 : cron Job finished
MySQL connection is closed


2020-05-13 16:30:01.468537 : cron Job started
2020-05-13 16:30:31.510938 : before queuing


2020-05-13 16:30:31.511411 :  texst.com  scheduled for  2020-05-13 16:00:34


2020-05-13 16:30:31.516968 :  texst.com  scheduled for  2020-05-13 16:01:12
2020-05-13 16:30:31.527112 : after queuing 2  tasks
2020-05-13 16:30:34.001648 : before requesting  texst.com
   0 texst.com 200 {"success":true}
   1 texst.com 200 {"success":true}
   2 texst.com 200 {"success":true}
   3 texst.com 200 {"success":true}
   4 texst.com 200 {"success":true}
2020-05-13 16:30:34.001648 : After receiving last response of  texst.com
2020-05-13 16:30:34.263337 Finished requesting  texst.com
2020-05-13 16:31:12.000002 : before requesting  texst.com
   0 texst.com 200 {"success":true}
   1 texst.com 200 {"success":true}
   2 texst.com 200 {"success":true}
   3 texst.com 200 {"success":true}
   4 texst.com 200 {"success":true}
2020-05-13 16:31:12.000002 : After receiving last response of  texst.com
2020-05-13 16:31:12.064484 Finished requesting  texst.com
2020-05-13 16:31:12.064721 : cron Job finished
MySQL connection is closed


2020-05-13 16:31:01.897101 : cron Job started
2020-05-13 16:31:31.932329 : before queuing


2020-05-13 16:31:31.932561 :  texst.com  scheduled for  2020-05-13 16:01:55


2020-05-13 16:31:31.942987 :  texst.com  scheduled for  2020-05-13 16:02:11


2020-05-13 16:31:31.958380 :  texst.com  scheduled for  2020-05-13 16:02:22
2020-05-13 16:31:31.963424 : after queuing 3  tasks
2020-05-13 16:31:55.010421 : before requesting  texst.com
   0 texst.com 200 {"success":true}
   1 texst.com 200 {"success":true}
   2 texst.com 200 {"success":true}
   3 texst.com 200 {"success":true}
   4 texst.com 200 {"success":true}
2020-05-13 16:31:55.010421 : After receiving last response of  texst.com
2020-05-13 16:31:55.515446 Finished requesting  texst.com
2020-05-13 16:32:11.002318 : before requesting  texst.com
   0 texst.com 200 {"success":true}
   1 texst.com 200 {"success":true}
   2 texst.com 200 {"success":true}
   3 texst.com 200 {"success":true}
   4 texst.com 200 {"success":true}
2020-05-13 16:32:11.002318 : After receiving last response of  texst.com
2020-05-13 16:32:11.245800 Finished requesting  texst.com
2020-05-13 16:32:22.000002 : before requesting  texst.com
   0 texst.com 200 {"success":true}
   1 texst.com 200 {"success":true}
   2 texst.com 200 {"success":true}
   3 texst.com 200 {"success":true}
   4 texst.com 200 {"success":true}
2020-05-13 16:32:22.000002 : After receiving last response of  texst.com
2020-05-13 16:32:22.061126 Finished requesting  texst.com
2020-05-13 16:32:22.061371 : cron Job finished
MySQL connection is closed


2020-05-13 16:32:01.423321 : cron Job started
Exiting, no task pending
MySQL connection is closed


2020-05-13 16:33:01.729208 : cron Job started
Exiting, no task pending
MySQL connection is closed


2020-05-13 16:34:02.024284 : cron Job started
Exiting, no task pending
MySQL connection is closed


2020-05-13 16:35:01.300438 : cron Job started
Exiting, no task pending
MySQL connection is closed


2020-05-13 16:36:01.741479 : cron Job started
2020-05-13 16:36:31.777286 : before queuing
2020-05-13 16:36:31.777329 : after queuing 0  tasks
2020-05-13 16:36:31.777339 : cron Job finished
MySQL connection is closed


2020-05-13 16:37:02.023833 : cron Job started
2020-05-13 16:37:32.039404 : before queuing
2020-05-13 16:37:32.039448 : after queuing 0  tasks
2020-05-13 16:37:32.039458 : cron Job finished
MySQL connection is closed


2020-05-13 16:38:01.320260 : cron Job started
2020-05-13 16:38:31.354857 : before queuing
2020-05-13 16:38:31.354906 : after queuing 0  tasks
2020-05-13 16:38:31.354919 : cron Job finished
MySQL connection is closed


2020-05-13 16:39:01.749528 : cron Job started
2020-05-13 16:39:31.789700 : before queuing
2020-05-13 16:39:31.789749 : after queuing 0  tasks
2020-05-13 16:39:31.789810 : cron Job finished
MySQL connection is closed


2020-05-13 16:40:02.160704 : cron Job started
2020-05-13 16:40:32.204189 : before queuing


2020-05-13 16:40:32.204627 :  texst.com  scheduled for  2020-05-13 16:11:10


2020-05-13 16:40:32.215160 :  texst.com  scheduled for  2020-05-13 16:11:14


2020-05-13 16:40:32.240876 :  texst.com  scheduled for  2020-05-13 16:11:21


2020-05-13 16:40:32.384136 :  texsst.com  scheduled for  2020-05-13 16:11:30
2020-05-13 16:40:32.394212 : after queuing 4  tasks
2020-05-13 16:41:10.100237 : before requesting  texst.com
   0 texst.com 200 {"success":true}
   1 texst.com 200 {"success":true}
   2 texst.com 200 {"success":true}
   3 texst.com 200 {"success":true}
   4 texst.com 200 {"success":true}
2020-05-13 16:41:10.100237 : After receiving last response of  texst.com
2020-05-13 16:41:10.976496 Finished requesting  texst.com
2020-05-13 16:41:14.004078 : before requesting  texst.com
   0 texst.com 200 {"success":true}
   1 texst.com 200 {"success":true}
   2 texst.com 200 {"success":true}
   3 texst.com 200 {"success":true}
   4 texst.com 200 {"success":true}
2020-05-13 16:41:14.004078 : After receiving last response of  texst.com
2020-05-13 16:41:14.462512 Finished requesting  texst.com
2020-05-13 16:41:21.004293 : before requesting  texst.com
   0 texst.com 200 {"success":true}
   1 texst.com 200 {"success":true}
   2 texst.com 200 {"success":true}
   3 texst.com 200 {"success":true}
   4 texst.com 200 {"success":true}
2020-05-13 16:41:21.004293 : After receiving last response of  texst.com
2020-05-13 16:41:21.247740 Finished requesting  texst.com
2020-05-13 16:41:30.000002 : before requesting  texsst.com
   0 texsst.com 200 {"success":true}
   1 texsst.com 200 {"success":true}
   2 texsst.com 200 {"success":true}
   3 texsst.com 200 {"success":true}
   4 texsst.com 200 {"success":true}
2020-05-13 16:41:30.000002 : After receiving last response of  texsst.com
2020-05-13 16:41:30.067066 Finished requesting  texsst.com
2020-05-13 16:41:30.067201 : cron Job finished
MySQL connection is closed


2020-05-13 16:41:01.505707 : cron Job started
Exiting, no task pending
MySQL connection is closed


2020-05-13 16:42:01.787311 : cron Job started
Exiting, no task pending
MySQL connection is closed


2020-05-13 16:43:02.071459 : cron Job started
Exiting, no task pending
MySQL connection is closed


2020-05-13 16:44:01.438096 : cron Job started
Exiting, no task pending
MySQL connection is closed
